SKETCH version 1.7.5
Benchmark = /home/xiangyug/ruijief/benchmarks/Domino_mutations/blue_decrease/blue_decrease_equivalent_5_canonicalizer_out/comp_1_stateful.sk
/* BEGIN PACKAGE ANONYMOUS*/
/*comp_1_..ateful.sk:147*/

void comp_1 (int state_1_0, int p_pkt_0, int p_pkt_10, ref int[2] _out0)/*comp_1_..ateful.sk:147*/
{
  _out0 = ((int[2])0);
  int p_state_101 = (p_pkt_10 > state_1_0 ? p_pkt_0 : state_1_0);
  _out0[0] = p_state_101;
  _out0[1] = state_1_0;
  return;
}
/*comp_1_..ateful.sk:132*/

void salu (int state_0_0, int pkt_0, int pkt_1, ref int[2] _out0)/*comp_1_..ateful.sk:132*/
{
  _out0 = ((int[2])0);
  int state_0 = state_0_0;
  if(state_0_0 < pkt_1)/*comp_1_..ateful.sk:134*/
  {
    state_0 = pkt_0;
  }
  else
  {
    state_0 = state_0_0;
  }
  _out0[0] = state_0;
  _out0[1] = state_0_0;
  return;
}
/*comp_1_..ateful.sk:161*/

void sketch (int state_1, int p_pkt_0, int p_pkt_10)/*comp_1_..ateful.sk:161*/
{
  int[2] impl_s1 = {0,0};
  salu(state_1, p_pkt_0, p_pkt_10, impl_s1);
  int[2] spec_s3 = {0,0};
  comp_1(state_1, p_pkt_0, p_pkt_10, spec_s3);
  assert ((impl_s1[0]) == (spec_s3[0])); //Assert at comp_1_..ateful.sk:164 (1)
  assert ((impl_s1[1]) == (spec_s3[1])); //Assert at comp_1_..ateful.sk:165 (1)
}
/*comp_1_..ateful.sk:161*/

void sketch__Wrapper (int state_1, int p_pkt_0, int p_pkt_10)  implements sketch__WrapperNospec/*comp_1_..ateful.sk:161*/
{
  sketch(state_1, p_pkt_0, p_pkt_10);
}
/*comp_1_..ateful.sk:161*/

void sketch__WrapperNospec (int state_1, int p_pkt_0, int p_pkt_10)/*comp_1_..ateful.sk:161*/
{ }
/* END PACKAGE ANONYMOUS*/
[SKETCH] DONE
Total time = 481
