SKETCH version 1.7.5
Benchmark = /home/xiangyug/ruijief/benchmarks/Domino_mutations/stateful_fw/stateful_fw_equivalent_6_out/comp_0_stateful.sk
/* BEGIN PACKAGE ANONYMOUS*/
/*comp_0_..ateful.sk:142*/

void comp_0 (int established_0, bit p__br_tmp11, ref int[2] _out0)/*comp_0_..ateful.sk:142*/
{
  _out0 = ((int[2])0);
  int p_established01 = (p__br_tmp11 ? 1 : established_0);
  _out0[0] = p_established01;
  _out0[1] = established_0;
  return;
}
/*comp_0_..ateful.sk:131*/

void salu (int state_0_0, int pkt_0, int pkt_1, ref int[2] _out0)/*comp_0_..ateful.sk:131*/
{
  _out0 = ((int[2])0);
  int state_0 = state_0_0;
  if(0 < pkt_0)/*comp_0_..ateful.sk:133*/
  {
    state_0 = 1;
  }
  _out0[0] = state_0;
  _out0[1] = state_0_0;
  return;
}
/*comp_0_..ateful.sk:154*/

void sketch (int established, bit p__br_tmp11)/*comp_0_..ateful.sk:154*/
{
  int[2] impl_s1 = {0,0};
  salu(established, p__br_tmp11, 0, impl_s1);
  int[2] spec_s3 = {0,0};
  comp_0(established, p__br_tmp11, spec_s3);
  assert ((impl_s1[0]) == (spec_s3[0])); //Assert at comp_0_..ateful.sk:157 (1)
  assert ((impl_s1[1]) == (spec_s3[1])); //Assert at comp_0_..ateful.sk:158 (1)
}
/*comp_0_..ateful.sk:154*/

void sketch__Wrapper (int established, bit p__br_tmp11)  implements sketch__WrapperNospec/*comp_0_..ateful.sk:154*/
{
  sketch(established, p__br_tmp11);
}
/*comp_0_..ateful.sk:154*/

void sketch__WrapperNospec (int established, bit p__br_tmp11)/*comp_0_..ateful.sk:154*/
{ }
/* END PACKAGE ANONYMOUS*/
[SKETCH] DONE
Total time = 1398
