SKETCH version 1.7.5
Benchmark = /home/xiangyug/ruijief/benchmarks/Domino_mutations/blue_decrease/blue_decrease_equivalent_8_canonicalizer_out/comp_0_stateful.sk
/* BEGIN PACKAGE ANONYMOUS*/
/*comp_0_..ateful.sk:147*/

void comp_0 (int state_0_0, bit p__br_tmp1, ref int[2] _out0)/*comp_0_..ateful.sk:147*/
{
  _out0 = ((int[2])0);
  int p_state_001 = (p__br_tmp1 ? state_0_0 - 2 : state_0_0);
  _out0[0] = p_state_001;
  _out0[1] = 0;
  return;
}
/*comp_0_..ateful.sk:132*/

void salu (int state_0_0, int pkt_0, int pkt_1, ref int[2] _out0)/*comp_0_..ateful.sk:132*/
{
  _out0 = ((int[2])0);
  int state_0 = state_0_0;
  if(0 == pkt_0)/*comp_0_..ateful.sk:134*/
  {
    state_0 = state_0_0 + pkt_0;
  }
  else
  {
    state_0 = state_0_0 + (pkt_1 - 2);
  }
  _out0[0] = state_0;
  _out0[1] = 0;
  return;
}
/*comp_0_..ateful.sk:159*/

void sketch (int state_0, bit p__br_tmp1)/*comp_0_..ateful.sk:159*/
{
  int[2] impl_s1 = {0,0};
  salu(state_0, p__br_tmp1, 0, impl_s1);
  int[2] spec_s3 = {0,0};
  comp_0(state_0, p__br_tmp1, spec_s3);
  assert ((impl_s1[0]) == (spec_s3[0])); //Assert at comp_0_..ateful.sk:162 (1)
  assert ((impl_s1[1]) == (spec_s3[1])); //Assert at comp_0_..ateful.sk:163 (1)
}
/*comp_0_..ateful.sk:159*/

void sketch__Wrapper (int state_0, bit p__br_tmp1)  implements sketch__WrapperNospec/*comp_0_..ateful.sk:159*/
{
  sketch(state_0, p__br_tmp1);
}
/*comp_0_..ateful.sk:159*/

void sketch__WrapperNospec (int state_0, bit p__br_tmp1)/*comp_0_..ateful.sk:159*/
{ }
/* END PACKAGE ANONYMOUS*/
[SKETCH] DONE
Total time = 383
