SKETCH version 1.7.5
Benchmark = /home/xiangyug/ruijief/benchmarks/Domino_mutations/learn_filter/learn_filter_equivalent_8_canonicalizer_out/comp_2_stateful.sk
/* BEGIN PACKAGE ANONYMOUS*/
/*comp_2_..ateful.sk:141*/

void comp_2 (int state_2_0, ref int[2] _out0)/*comp_2_..ateful.sk:141*/
{
  _out0 = ((int[2])0);
  _out0[0] = 1;
  _out0[1] = state_2_0;
  return;
}
/*comp_2_..ateful.sk:132*/

void salu (int state_0_0, int pkt_0, ref int[2] _out0)/*comp_2_..ateful.sk:132*/
{
  _out0 = ((int[2])0);
  _out0[0] = 1;
  _out0[1] = state_0_0;
  return;
}
/*comp_2_..ateful.sk:153*/

void sketch (int state_2)/*comp_2_..ateful.sk:153*/
{
  int[2] impl_s1 = {0,0};
  salu(state_2, 0, impl_s1);
  int[2] spec_s3 = {0,0};
  comp_2(state_2, spec_s3);
  assert ((impl_s1[0]) == (spec_s3[0])); //Assert at comp_2_..ateful.sk:156 (1)
  assert ((impl_s1[1]) == (spec_s3[1])); //Assert at comp_2_..ateful.sk:157 (1)
}
/*comp_2_..ateful.sk:153*/

void sketch__Wrapper (int state_2)  implements sketch__WrapperNospec/*comp_2_..ateful.sk:153*/
{
  sketch(state_2);
}
/*comp_2_..ateful.sk:153*/

void sketch__WrapperNospec (int state_2)/*comp_2_..ateful.sk:153*/
{ }
/* END PACKAGE ANONYMOUS*/
[SKETCH] DONE
Total time = 381
