SKETCH version 1.7.5
Benchmark = /home/xiangyug/ruijief/benchmarks/Domino_mutations/dns_ttl_change/dns_ttl_change_equivalent_8_out/comp_5_stateless_p_id0_bnd_1.sk
/* BEGIN PACKAGE ANONYMOUS*/
/*comp_5_.._bnd_1.sk:1*/

void alu (int opcode, int operand0, int operand1, int immediate_operand, ref int _out)/*comp_5_.._bnd_1.sk:1*/
{
  _out = 0;
  if(opcode == 0)/*comp_5_.._bnd_1.sk:2*/
  {
    _out = operand0;
    return;
  }
  if(opcode == 1)/*comp_5_.._bnd_1.sk:5*/
  {
    _out = immediate_operand;
    return;
  }
  if(opcode == 2)/*comp_5_.._bnd_1.sk:8*/
  {
    _out = operand0 + operand1;
    return;
  }
  if(opcode == 3)/*comp_5_.._bnd_1.sk:11*/
  {
    _out = operand0 + immediate_operand;
    return;
  }
  if(opcode == 4)/*comp_5_.._bnd_1.sk:14*/
  {
    _out = operand1 - operand0;
    return;
  }
  if(opcode == 5)/*comp_5_.._bnd_1.sk:17*/
  {
    _out = operand0 - immediate_operand;
    return;
  }
  if(opcode == 6)/*comp_5_.._bnd_1.sk:20*/
  {
    _out = immediate_operand - operand0;
    return;
  }
}
/*comp_5_.._bnd_1.sk:54*/

void comp_5 (int p_rdata, ref int _out)/*comp_5_.._bnd_1.sk:54*/
{
  _out = p_rdata;
  return;
}
/*comp_5_.._bnd_1.sk:60*/

void sketch (int p_rdata)/*comp_5_.._bnd_1.sk:60*/
{
  int _out_s10 = 0;
  alu(0, p_rdata, 1, 0, _out_s10)//{};
  int _out_s4 = 0;
  comp_5(p_rdata, _out_s4);
  assert (_out_s10 == _out_s4); //Assert at comp_5_.._bnd_1.sk:64 (0)
}
/*comp_5_.._bnd_1.sk:60*/

void sketch__Wrapper (int p_rdata)  implements sketch__WrapperNospec/*comp_5_.._bnd_1.sk:60*/
{
  sketch(p_rdata);
}
/*comp_5_.._bnd_1.sk:60*/

void sketch__WrapperNospec (int p_rdata)/*comp_5_.._bnd_1.sk:60*/
{ }
/* END PACKAGE ANONYMOUS*/
[SKETCH] DONE
Total time = 345
