SKETCH version 1.7.5
Benchmark = /home/xiangyug/ruijief/benchmarks/Domino_mutations/stfq/stfq_equivalent_7_canonicalizer_out/comp_9_stateless_p_pkt_01_bnd_3.sk
/* BEGIN PACKAGE ANONYMOUS*/
/*comp_9_.._bnd_3.sk:1*/

void alu (int opcode, int pkt_0, int pkt_1, int pkt_2, int immediate_operand, ref int _out)/*comp_9_.._bnd_3.sk:1*/
{
  if(opcode == 0)/*comp_9_.._bnd_3.sk:2*/
  {
    _out = immediate_operand;
    return;
  }
  else
  {
    if(opcode == 1)/*comp_9_.._bnd_3.sk:4*/
    {
      _out = pkt_0 + pkt_1;
      return;
    }
    else
    {
      if(opcode == 2)/*comp_9_.._bnd_3.sk:6*/
      {
        _out = pkt_0 + immediate_operand;
        return;
      }
      else
      {
        if(opcode == 3)/*comp_9_.._bnd_3.sk:8*/
        {
          _out = pkt_0 - pkt_1;
          return;
        }
        else
        {
          if(opcode == 4)/*comp_9_.._bnd_3.sk:10*/
          {
            _out = pkt_0 - immediate_operand;
            return;
          }
          else
          {
            if(opcode == 5)/*comp_9_.._bnd_3.sk:12*/
            {
              _out = immediate_operand - pkt_0;
              return;
            }
            else
            {
              if(opcode == 6)/*comp_9_.._bnd_3.sk:14*/
              {
                _out = pkt_0 != pkt_1;
                return;
              }
              else
              {
                if(opcode == 7)/*comp_9_.._bnd_3.sk:16*/
                {
                  _out = pkt_0 != immediate_operand;
                  return;
                }
                else
                {
                  if(opcode == 8)/*comp_9_.._bnd_3.sk:18*/
                  {
                    _out = pkt_0 == pkt_1;
                    return;
                  }
                  else
                  {
                    if(opcode == 9)/*comp_9_.._bnd_3.sk:20*/
                    {
                      _out = pkt_0 == immediate_operand;
                      return;
                    }
                    else
                    {
                      if(opcode == 10)/*comp_9_.._bnd_3.sk:22*/
                      {
                        _out = pkt_0 >= pkt_1;
                        return;
                      }
                      else
                      {
                        if(opcode == 11)/*comp_9_.._bnd_3.sk:24*/
                        {
                          _out = pkt_0 >= immediate_operand;
                          return;
                        }
                        else
                        {
                          if(opcode == 12)/*comp_9_.._bnd_3.sk:26*/
                          {
                            _out = pkt_0 < pkt_1;
                            return;
                          }
                          else
                          {
                            if(opcode == 13)/*comp_9_.._bnd_3.sk:28*/
                            {
                              _out = pkt_0 < immediate_operand;
                              return;
                            }
                            else
                            {
                              if(opcode == 14)/*comp_9_.._bnd_3.sk:30*/
                              {
                                _out = (pkt_0 != 0 ? pkt_1 : pkt_2);
                                return;
                              }
                              else
                              {
                                if(opcode == 15)/*comp_9_.._bnd_3.sk:32*/
                                {
                                  _out = (pkt_0 != 0 ? pkt_1 : immediate_operand);
                                  return;
                                }
                                else
                                {
                                  if(opcode == 16)/*comp_9_.._bnd_3.sk:34*/
                                  {
                                    _out = (pkt_0 != 0) || (pkt_1 != 0);
                                    return;
                                  }
                                  else
                                  {
                                    if(opcode == 17)/*comp_9_.._bnd_3.sk:36*/
                                    {
                                      _out = (pkt_0 != 0) || (immediate_operand != 0);
                                      return;
                                    }
                                    else
                                    {
                                      if(opcode == 18)/*comp_9_.._bnd_3.sk:38*/
                                      {
                                        _out = (pkt_0 != 0) && (pkt_1 != 0);
                                        return;
                                      }
                                      else
                                      {
                                        if(opcode == 19)/*comp_9_.._bnd_3.sk:40*/
                                        {
                                          _out = (pkt_0 != 0) && (immediate_operand != 0);
                                          return;
                                        }
                                        else
                                        {
                                          _out = pkt_0 == 0;
                                          return;
                                        }
                                      }
                                    }
                                  }
                                }
                              }
                            }
                          }
                        }
                      }
                    }
                  }
                }
              }
            }
          }
        }
      }
    }
  }
}
/*comp_9_.._bnd_3.sk:59*/

void comp_9 (int p_pkt_0, int p_state_000, int p_pkt_1, int p_pkt_2, ref int _out)/*comp_9_.._bnd_3.sk:59*/
{
  bit p__br_tmp10 = !(!((p_pkt_2 < p_state_000) && (p_state_000 > 1)));
  bit p__br_tmp00 = !(!(!(!((p_pkt_2 < p_state_000) && (p_state_000 > 1)))));
  bit p__br_tmp20 = (p_state_000 > 1) && (p_pkt_2 < p_state_000);
  int p_pkt_00 = ((p__br_tmp00 && p__br_tmp10) && p__br_tmp20 ? p_state_000 : p_pkt_0);
  int p_state_001 = ((p__br_tmp00 && p__br_tmp10) && p__br_tmp20 ? p_state_000 + p_pkt_1 : p_state_000);
  _out = (((!(p__br_tmp00)) && (!(!(!((p_pkt_2 < p_state_001) && (p_state_001 > 1)))))) && (!((p_pkt_2 < p_state_001) && (p_state_001 > 1))) ? p_pkt_2 : p_pkt_00);
  return;
}
/*comp_9_.._bnd_3.sk:79*/

void sketch (int p_pkt_0, int p_state_000, int p_pkt_1, int p_pkt_2)/*comp_9_.._bnd_3.sk:79*/
{
  int _out_s12 = 0;
  alu(15, p_state_000, p_pkt_2, p_pkt_2, 2, _out_s12)//{};
  int _out_s12_0 = 0;
  alu(15, p_state_000, p_state_000, p_pkt_0, 5, _out_s12_0)//{};
  int _out_s12_1 = 0;
  alu(3, p_pkt_1, p_state_000, p_pkt_1, 31, _out_s12_1)//{};
  int _out_s20 = 0;
  alu(10, _out_s12, _out_s12_0, _out_s12_1, 3, _out_s20)//{};
  int _out_s12_2 = 0;
  alu(9, 1, p_pkt_2, p_pkt_0, 5, _out_s12_2)//{};
  int _out_s12_3 = 0;
  alu(15, p_pkt_0, p_state_000, p_state_000, 1, _out_s12_3)//{};
  int _out_s12_4 = 0;
  alu(14, p_pkt_2, p_pkt_2, p_pkt_0, 0, _out_s12_4)//{};
  int _out_s20_0 = 0;
  alu(14, _out_s12_2, _out_s12_3, _out_s12_4, 0, _out_s20_0)//{};
  int _out_s12_5 = 0;
  alu(4, p_state_000, p_pkt_2, p_pkt_2, 1, _out_s12_5)//{};
  int _out_s12_6 = 0;
  alu(14, p_state_000, p_state_000, p_pkt_2, 24, _out_s12_6)//{};
  int _out_s12_7 = 0;
  alu(17, p_pkt_2, 1, p_pkt_1, 0, _out_s12_7)//{};
  int _out_s20_1 = 0;
  alu(14, _out_s12_5, _out_s12_6, _out_s12_7, 19, _out_s20_1)//{};
  int _out_s20_2 = 0;
  alu(14, _out_s20, _out_s20_0, _out_s20_1, 5, _out_s20_2)//{};
  int _out_s4 = 0;
  comp_9(p_pkt_0, p_state_000, p_pkt_1, p_pkt_2, _out_s4);
  assert (_out_s20_2 == _out_s4); //Assert at comp_9_.._bnd_3.sk:83 (0)
}
/*comp_9_.._bnd_3.sk:79*/

void sketch__Wrapper (int p_pkt_0, int p_state_000, int p_pkt_1, int p_pkt_2)  implements sketch__WrapperNospec/*comp_9_.._bnd_3.sk:79*/
{
  sketch(p_pkt_0, p_state_000, p_pkt_1, p_pkt_2);
}
/*comp_9_.._bnd_3.sk:79*/

void sketch__WrapperNospec (int p_pkt_0, int p_state_000, int p_pkt_1, int p_pkt_2)/*comp_9_.._bnd_3.sk:79*/
{ }
/* END PACKAGE ANONYMOUS*/
[SKETCH] DONE
Total time = 66852
