SKETCH version 1.7.5
Benchmark = /home/xiangyug/ruijief/benchmarks/Domino_mutations/dns_ttl_change/dns_ttl_change_equivalent_7_out/comp_2_stateful.sk
/* BEGIN PACKAGE ANONYMOUS*/
/*comp_2_..ateful.sk:153*/

void comp_2 (int last_ttl_0, int p_seen00, int p_ttl, ref int[2] _out0)/*comp_2_..ateful.sk:153*/
{
  _out0 = ((int[2])0);
  bit p__br_tmp6 = p_seen00 == 0;
  int p_seen01 = (p__br_tmp6 ? 1 : p_seen00);
  p__br_tmp6 = p_seen00 == 0;
  int p_last_ttl01 = (p__br_tmp6 ? p_ttl : last_ttl_0);
  int p_last_ttl02 = (((!(p_seen00 == 0)) && (!(p_seen01 == 0))) && (p_last_ttl01 != p_ttl) ? p_ttl : p_last_ttl01);
  _out0[0] = p_last_ttl02;
  _out0[1] = last_ttl_0;
  return;
}
/*comp_2_..ateful.sk:132*/

void salu (int state_0_0, int pkt_0, int pkt_1, ref int[2] _out0)/*comp_2_..ateful.sk:132*/
{
  _out0 = ((int[2])0);
  int state_0 = state_0_0;
  if((0 - pkt_1) > 0)/*comp_2_..ateful.sk:134*/
  {
    if((pkt_0 - pkt_1) > 0)/*comp_2_..ateful.sk:135*/
    {
      state_0 = state_0_0 + 20;
    }
    else
    {
      state_0 = state_0_0 + 12;
    }
  }
  else
  {
    if((0 - pkt_1) > 16)/*comp_2_..ateful.sk:141*/
    {
      state_0 = pkt_0 + 27;
    }
    else
    {
      state_0 = pkt_1;
    }
  }
  _out0[0] = state_0;
  _out0[1] = state_0_0;
  return;
}
/*comp_2_..ateful.sk:174*/

void sketch (int last_ttl, int p_seen00, int p_ttl)/*comp_2_..ateful.sk:174*/
{
  int[2] impl_s1 = {0,0};
  salu(last_ttl, p_seen00, p_ttl, impl_s1);
  int[2] spec_s3 = {0,0};
  comp_2(last_ttl, p_seen00, p_ttl, spec_s3);
  assert ((impl_s1[0]) == (spec_s3[0])); //Assert at comp_2_..ateful.sk:177 (1)
  assert ((impl_s1[1]) == (spec_s3[1])); //Assert at comp_2_..ateful.sk:178 (1)
}
/*comp_2_..ateful.sk:174*/

void sketch__Wrapper (int last_ttl, int p_seen00, int p_ttl)  implements sketch__WrapperNospec/*comp_2_..ateful.sk:174*/
{
  sketch(last_ttl, p_seen00, p_ttl);
}
/*comp_2_..ateful.sk:174*/

void sketch__WrapperNospec (int last_ttl, int p_seen00, int p_ttl)/*comp_2_..ateful.sk:174*/
{ }
/* END PACKAGE ANONYMOUS*/
[SKETCH] DONE
Total time = 541
