SKETCH version 1.7.5
Benchmark = /home/xiangyug/ruijief/benchmarks/Domino_mutations/dns_ttl_change/dns_ttl_change_equivalent_7_out/comp_9_stateless_p__br_tmp7_bnd_2.sk
/* BEGIN PACKAGE ANONYMOUS*/
/*comp_9_.._bnd_2.sk:1*/

void alu (int opcode, int pkt_0, int pkt_1, int pkt_2, int immediate_operand, ref int _out)/*comp_9_.._bnd_2.sk:1*/
{
  if(opcode == 0)/*comp_9_.._bnd_2.sk:2*/
  {
    _out = immediate_operand;
    return;
  }
  else
  {
    if(opcode == 1)/*comp_9_.._bnd_2.sk:4*/
    {
      _out = pkt_0 + pkt_1;
      return;
    }
    else
    {
      if(opcode == 2)/*comp_9_.._bnd_2.sk:6*/
      {
        _out = pkt_0 + immediate_operand;
        return;
      }
      else
      {
        if(opcode == 3)/*comp_9_.._bnd_2.sk:8*/
        {
          _out = pkt_0 - pkt_1;
          return;
        }
        else
        {
          if(opcode == 4)/*comp_9_.._bnd_2.sk:10*/
          {
            _out = pkt_0 - immediate_operand;
            return;
          }
          else
          {
            if(opcode == 5)/*comp_9_.._bnd_2.sk:12*/
            {
              _out = immediate_operand - pkt_0;
              return;
            }
            else
            {
              if(opcode == 6)/*comp_9_.._bnd_2.sk:14*/
              {
                _out = pkt_0 != pkt_1;
                return;
              }
              else
              {
                if(opcode == 7)/*comp_9_.._bnd_2.sk:16*/
                {
                  _out = pkt_0 != immediate_operand;
                  return;
                }
                else
                {
                  if(opcode == 8)/*comp_9_.._bnd_2.sk:18*/
                  {
                    _out = pkt_0 == pkt_1;
                    return;
                  }
                  else
                  {
                    if(opcode == 9)/*comp_9_.._bnd_2.sk:20*/
                    {
                      _out = pkt_0 == immediate_operand;
                      return;
                    }
                    else
                    {
                      if(opcode == 10)/*comp_9_.._bnd_2.sk:22*/
                      {
                        _out = pkt_0 >= pkt_1;
                        return;
                      }
                      else
                      {
                        if(opcode == 11)/*comp_9_.._bnd_2.sk:24*/
                        {
                          _out = pkt_0 >= immediate_operand;
                          return;
                        }
                        else
                        {
                          if(opcode == 12)/*comp_9_.._bnd_2.sk:26*/
                          {
                            _out = pkt_0 < pkt_1;
                            return;
                          }
                          else
                          {
                            if(opcode == 13)/*comp_9_.._bnd_2.sk:28*/
                            {
                              _out = pkt_0 < immediate_operand;
                              return;
                            }
                            else
                            {
                              if(opcode == 14)/*comp_9_.._bnd_2.sk:30*/
                              {
                                _out = (pkt_0 != 0 ? pkt_1 : pkt_2);
                                return;
                              }
                              else
                              {
                                if(opcode == 15)/*comp_9_.._bnd_2.sk:32*/
                                {
                                  _out = (pkt_0 != 0 ? pkt_1 : immediate_operand);
                                  return;
                                }
                                else
                                {
                                  if(opcode == 16)/*comp_9_.._bnd_2.sk:34*/
                                  {
                                    _out = (pkt_0 != 0) || (pkt_1 != 0);
                                    return;
                                  }
                                  else
                                  {
                                    if(opcode == 17)/*comp_9_.._bnd_2.sk:36*/
                                    {
                                      _out = (pkt_0 != 0) || (immediate_operand != 0);
                                      return;
                                    }
                                    else
                                    {
                                      if(opcode == 18)/*comp_9_.._bnd_2.sk:38*/
                                      {
                                        _out = (pkt_0 != 0) && (pkt_1 != 0);
                                        return;
                                      }
                                      else
                                      {
                                        if(opcode == 19)/*comp_9_.._bnd_2.sk:40*/
                                        {
                                          _out = (pkt_0 != 0) && (immediate_operand != 0);
                                          return;
                                        }
                                        else
                                        {
                                          _out = pkt_0 == 0;
                                          return;
                                        }
                                      }
                                    }
                                  }
                                }
                              }
                            }
                          }
                        }
                      }
                    }
                  }
                }
              }
            }
          }
        }
      }
    }
  }
}
/*comp_9_.._bnd_2.sk:59*/

void comp_9 (int p_seen01, int p_last_ttl00, int p_ttl, int p_seen00, ref int _out)/*comp_9_.._bnd_2.sk:59*/
{
  int p_last_ttl01 = (p_seen00 == 0 ? p_ttl : p_last_ttl00);
  _out = ((!(p_seen00 == 0)) && (!(p_seen01 == 0))) && (p_last_ttl01 != p_ttl);
  return;
}
/*comp_9_.._bnd_2.sk:69*/

void sketch (int p_seen01, int p_last_ttl00, int p_ttl, int p_seen00)/*comp_9_.._bnd_2.sk:69*/
{
  int _out_s12 = 0;
  alu(8, p_last_ttl00, p_ttl, 1, 21, _out_s12)//{};
  int _out_s12_0 = 0;
  alu(18, p_seen01, p_seen00, p_seen01, 0, _out_s12_0)//{};
  int _out_s12_1 = 0;
  alu(4, p_seen01, p_ttl, 1, 31, _out_s12_1)//{};
  int _out_s20 = 0;
  alu(12, _out_s12, _out_s12_0, _out_s12_1, 31, _out_s20)//{};
  int _out_s4 = 0;
  comp_9(p_seen01, p_last_ttl00, p_ttl, p_seen00, _out_s4);
  assert (_out_s20 == _out_s4); //Assert at comp_9_.._bnd_2.sk:73 (0)
}
/*comp_9_.._bnd_2.sk:69*/

void sketch__Wrapper (int p_seen01, int p_last_ttl00, int p_ttl, int p_seen00)  implements sketch__WrapperNospec/*comp_9_.._bnd_2.sk:69*/
{
  sketch(p_seen01, p_last_ttl00, p_ttl, p_seen00);
}
/*comp_9_.._bnd_2.sk:69*/

void sketch__WrapperNospec (int p_seen01, int p_last_ttl00, int p_ttl, int p_seen00)/*comp_9_.._bnd_2.sk:69*/
{ }
/* END PACKAGE ANONYMOUS*/
[SKETCH] DONE
Total time = 1355
