SKETCH version 1.7.5
Benchmark = /home/xiangyug/ruijief/benchmarks/Domino_mutations/stateful_fw/stateful_fw_equivalent_8_out/comp_6_stateless_p_drop0_bnd_3.sk
/* BEGIN PACKAGE ANONYMOUS*/
/*comp_6_.._bnd_3.sk:1*/

void alu (int opcode, int pkt_0, int pkt_1, int pkt_2, int immediate_operand, ref int _out)/*comp_6_.._bnd_3.sk:1*/
{
  if(opcode == 0)/*comp_6_.._bnd_3.sk:2*/
  {
    _out = immediate_operand;
    return;
  }
  else
  {
    if(opcode == 1)/*comp_6_.._bnd_3.sk:4*/
    {
      _out = pkt_0 + pkt_1;
      return;
    }
    else
    {
      if(opcode == 2)/*comp_6_.._bnd_3.sk:6*/
      {
        _out = pkt_0 + immediate_operand;
        return;
      }
      else
      {
        if(opcode == 3)/*comp_6_.._bnd_3.sk:8*/
        {
          _out = pkt_0 - pkt_1;
          return;
        }
        else
        {
          if(opcode == 4)/*comp_6_.._bnd_3.sk:10*/
          {
            _out = pkt_0 - immediate_operand;
            return;
          }
          else
          {
            if(opcode == 5)/*comp_6_.._bnd_3.sk:12*/
            {
              _out = immediate_operand - pkt_0;
              return;
            }
            else
            {
              if(opcode == 6)/*comp_6_.._bnd_3.sk:14*/
              {
                _out = pkt_0 != pkt_1;
                return;
              }
              else
              {
                if(opcode == 7)/*comp_6_.._bnd_3.sk:16*/
                {
                  _out = pkt_0 != immediate_operand;
                  return;
                }
                else
                {
                  if(opcode == 8)/*comp_6_.._bnd_3.sk:18*/
                  {
                    _out = pkt_0 == pkt_1;
                    return;
                  }
                  else
                  {
                    if(opcode == 9)/*comp_6_.._bnd_3.sk:20*/
                    {
                      _out = pkt_0 == immediate_operand;
                      return;
                    }
                    else
                    {
                      if(opcode == 10)/*comp_6_.._bnd_3.sk:22*/
                      {
                        _out = pkt_0 >= pkt_1;
                        return;
                      }
                      else
                      {
                        if(opcode == 11)/*comp_6_.._bnd_3.sk:24*/
                        {
                          _out = pkt_0 >= immediate_operand;
                          return;
                        }
                        else
                        {
                          if(opcode == 12)/*comp_6_.._bnd_3.sk:26*/
                          {
                            _out = pkt_0 < pkt_1;
                            return;
                          }
                          else
                          {
                            if(opcode == 13)/*comp_6_.._bnd_3.sk:28*/
                            {
                              _out = pkt_0 < immediate_operand;
                              return;
                            }
                            else
                            {
                              if(opcode == 14)/*comp_6_.._bnd_3.sk:30*/
                              {
                                _out = (pkt_0 != 0 ? pkt_1 : pkt_2);
                                return;
                              }
                              else
                              {
                                if(opcode == 15)/*comp_6_.._bnd_3.sk:32*/
                                {
                                  _out = (pkt_0 != 0 ? pkt_1 : immediate_operand);
                                  return;
                                }
                                else
                                {
                                  if(opcode == 16)/*comp_6_.._bnd_3.sk:34*/
                                  {
                                    _out = (pkt_0 != 0) || (pkt_1 != 0);
                                    return;
                                  }
                                  else
                                  {
                                    if(opcode == 17)/*comp_6_.._bnd_3.sk:36*/
                                    {
                                      _out = (pkt_0 != 0) || (immediate_operand != 0);
                                      return;
                                    }
                                    else
                                    {
                                      if(opcode == 18)/*comp_6_.._bnd_3.sk:38*/
                                      {
                                        _out = (pkt_0 != 0) && (pkt_1 != 0);
                                        return;
                                      }
                                      else
                                      {
                                        if(opcode == 19)/*comp_6_.._bnd_3.sk:40*/
                                        {
                                          _out = (pkt_0 != 0) && (immediate_operand != 0);
                                          return;
                                        }
                                        else
                                        {
                                          _out = pkt_0 == 0;
                                          return;
                                        }
                                      }
                                    }
                                  }
                                }
                              }
                            }
                          }
                        }
                      }
                    }
                  }
                }
              }
            }
          }
        }
      }
    }
  }
}
/*comp_6_.._bnd_3.sk:59*/

void comp_6 (int p_src, int p_drop, int p_established00, int p_dst, ref int _out)/*comp_6_.._bnd_3.sk:59*/
{
  _out = ((!(p_src == 20)) && (p_dst == 20) ? p_established00 == 0 : p_drop);
  return;
}
/*comp_6_.._bnd_3.sk:67*/

void sketch (int p_src, int p_drop, int p_established00, int p_dst)/*comp_6_.._bnd_3.sk:67*/
{
  int _out_s14 = 0;
  alu(8, p_src, p_dst, p_drop, 3, _out_s14)//{};
  int _out_s14_0 = 0;
  alu(17, p_drop, p_established00, p_src, 31, _out_s14_0)//{};
  int _out_s14_1 = 0;
  alu(5, p_dst, p_established00, p_drop, 20, _out_s14_1)//{};
  int _out_s14_2 = 0;
  alu(14, _out_s14, _out_s14_0, _out_s14_1, 0, _out_s14_2)//{};
  int _out_s14_3 = 0;
  alu(4, p_established00, p_dst, p_dst, 4, _out_s14_3)//{};
  int _out_s14_4 = 0;
  alu(14, p_drop, p_drop, p_drop, 23, _out_s14_4)//{};
  int _out_s14_5 = 0;
  alu(14, p_established00, p_drop, p_dst, 7, _out_s14_5)//{};
  int _out_s14_6 = 0;
  alu(14, _out_s14_3, _out_s14_4, _out_s14_5, 31, _out_s14_6)//{};
  int _out_s14_7 = 0;
  alu(12, p_established00, p_dst, p_dst, 24, _out_s14_7)//{};
  int _out_s14_8 = 0;
  alu(13, p_established00, p_dst, p_drop, 1, _out_s14_8)//{};
  int _out_s14_9 = 0;
  alu(15, p_established00, p_drop, p_dst, 1, _out_s14_9)//{};
  int _out_s14_10 = 0;
  alu(18, _out_s14_7, _out_s14_8, _out_s14_9, 0, _out_s14_10)//{};
  int _out_s14_11 = 0;
  alu(14, _out_s14_2, _out_s14_6, _out_s14_10, 16, _out_s14_11)//{};
  int _out_s4 = 0;
  comp_6(p_src, p_drop, p_established00, p_dst, _out_s4);
  assert (_out_s14_11 == _out_s4); //Assert at comp_6_.._bnd_3.sk:71 (0)
}
/*comp_6_.._bnd_3.sk:67*/

void sketch__Wrapper (int p_src, int p_drop, int p_established00, int p_dst)  implements sketch__WrapperNospec/*comp_6_.._bnd_3.sk:67*/
{
  sketch(p_src, p_drop, p_established00, p_dst);
}
/*comp_6_.._bnd_3.sk:67*/

void sketch__WrapperNospec (int p_src, int p_drop, int p_established00, int p_dst)/*comp_6_.._bnd_3.sk:67*/
{ }
/* END PACKAGE ANONYMOUS*/
[SKETCH] DONE
Total time = 57442
