SKETCH version 1.7.5
Benchmark = /home/xiangyug/ruijief/benchmarks/Domino_mutations/dns_ttl_change/dns_ttl_change_equivalent_10_out/comp_1_stateful.sk
/* BEGIN PACKAGE ANONYMOUS*/
/*comp_1_..ateful.sk:153*/

void comp_1 (int seen_0, ref int[2] _out0)/*comp_1_..ateful.sk:153*/
{
  _out0 = ((int[2])0);
  int p_seen01 = (seen_0 == 0 ? 1 : seen_0);
  _out0[0] = p_seen01;
  _out0[1] = seen_0;
  return;
}
/*comp_1_..ateful.sk:132*/

void salu (int state_0_0, int pkt_0, int pkt_1, ref int[2] _out0)/*comp_1_..ateful.sk:132*/
{
  _out0 = ((int[2])0);
  int state_0 = state_0_0;
  if(((state_0_0 + pkt_0) - pkt_0) < 1)/*comp_1_..ateful.sk:134*/
  {
    if(((state_0_0 + pkt_0) - pkt_0) == 2)/*comp_1_..ateful.sk:135*/
    {
      state_0 = 2;
    }
    else
    {
      state_0 = 1;
    }
  }
  else
  {
    if((pkt_0 - pkt_0) > 2)/*comp_1_..ateful.sk:141*/
    {
      state_0 = state_0_0 + 25;
    }
    else
    {
      state_0 = state_0_0;
    }
  }
  _out0[0] = state_0;
  _out0[1] = state_0_0;
  return;
}
/*comp_1_..ateful.sk:167*/

void sketch (int seen)/*comp_1_..ateful.sk:167*/
{
  int[2] impl_s1 = {0,0};
  salu(seen, 0, 0, impl_s1);
  int[2] spec_s3 = {0,0};
  comp_1(seen, spec_s3);
  assert ((impl_s1[0]) == (spec_s3[0])); //Assert at comp_1_..ateful.sk:170 (1)
  assert ((impl_s1[1]) == (spec_s3[1])); //Assert at comp_1_..ateful.sk:171 (1)
}
/*comp_1_..ateful.sk:167*/

void sketch__Wrapper (int seen)  implements sketch__WrapperNospec/*comp_1_..ateful.sk:167*/
{
  sketch(seen);
}
/*comp_1_..ateful.sk:167*/

void sketch__WrapperNospec (int seen)/*comp_1_..ateful.sk:167*/
{ }
/* END PACKAGE ANONYMOUS*/
[SKETCH] DONE
Total time = 504
