SKETCH version 1.7.5
Benchmark = /home/xiangyug/ruijief/benchmarks/Domino_mutations/dns_ttl_change/dns_ttl_change_equivalent_10_out/comp_3_stateful.sk
/* BEGIN PACKAGE ANONYMOUS*/
/*comp_3_..ateful.sk:79*/

void bool_op (int opcode, bit o1, bit o2, ref bit _out0)/*comp_3_..ateful.sk:79*/
{
  if(opcode == 0)/*comp_3_..ateful.sk:80*/
  {
    _out0 = 0;
    return;
  }
  if(opcode == 1)/*comp_3_..ateful.sk:83*/
  {
    _out0 = !(o1 | o2);
    return;
  }
  if(opcode == 2)/*comp_3_..ateful.sk:86*/
  {
    _out0 = (!(o1)) & o2;
    return;
  }
  if(opcode == 3)/*comp_3_..ateful.sk:89*/
  {
    _out0 = !(o1);
    return;
  }
  if(opcode == 4)/*comp_3_..ateful.sk:92*/
  {
    _out0 = o1 & (!(o2));
    return;
  }
  if(opcode == 5)/*comp_3_..ateful.sk:95*/
  {
    _out0 = !(o2);
    return;
  }
  if(opcode == 6)/*comp_3_..ateful.sk:98*/
  {
    _out0 = o1 & o2;
    return;
  }
  if(opcode == 7)/*comp_3_..ateful.sk:102*/
  {
    _out0 = !(o1 & o2);
    return;
  }
  if(opcode == 8)/*comp_3_..ateful.sk:105*/
  {
    _out0 = o1 & o2;
    return;
  }
  if(opcode == 9)/*comp_3_..ateful.sk:108*/
  {
    _out0 = !(o1 & o2);
    return;
  }
  if(opcode == 10)/*comp_3_..ateful.sk:112*/
  {
    _out0 = o2;
    return;
  }
  if(opcode == 11)/*comp_3_..ateful.sk:115*/
  {
    _out0 = (!(o1)) | o2;
    return;
  }
  if(opcode == 12)/*comp_3_..ateful.sk:118*/
  {
    _out0 = o1;
    return;
  }
  if(opcode == 13)/*comp_3_..ateful.sk:121*/
  {
    _out0 = o1 | (!(o2));
    return;
  }
  if(opcode == 14)/*comp_3_..ateful.sk:124*/
  {
    _out0 = o1 | o2;
    return;
  }
  else
  {
    _out0 = 1;
    return;
  }
}
/*comp_3_..ateful.sk:232*/

void comp_3 (int last_ttl_0, int p_seen00, int p_ttl, ref int[3] _out0)/*comp_3_..ateful.sk:232*/
{
  _out0 = ((int[3])0);
  bit p__br_tmp5 = (!(p_seen00 == 0)) && (last_ttl_0 != p_ttl);
  int p_last_ttl01 = (p__br_tmp5 ? p_ttl : last_ttl_0);
  int p_last_ttl02 = (p_seen00 == 0 ? p_ttl : p_last_ttl01);
  _out0[0] = p_last_ttl02;
  _out0[1] = 0;
  _out0[2] = p__br_tmp5;
  return;
}
/*comp_3_..ateful.sk:134*/

void compute_alu (int op, int o1, int o2, ref int _out0)/*comp_3_..ateful.sk:134*/
{
  if(op == 0)/*comp_3_..ateful.sk:135*/
  {
    _out0 = o1 + o2;
    return;
  }
  if(op == 1)/*comp_3_..ateful.sk:138*/
  {
    _out0 = o1 - o2;
    return;
  }
  if(op == 2)/*comp_3_..ateful.sk:141*/
  {
    _out0 = o2 - o1;
    return;
  }
  if(op == 3)/*comp_3_..ateful.sk:144*/
  {
    _out0 = o2;
    return;
  }
  if(op == 4)/*comp_3_..ateful.sk:147*/
  {
    _out0 = o1;
    return;
  }
  if(op == 5)/*comp_3_..ateful.sk:150*/
  {
    _out0 = 0;
    return;
  }
  else
  {
    _out0 = 1;
    return;
  }
}
/*comp_3_..ateful.sk:158*/

void salu (int metadata_lo, int metadata_hi, int register_lo_0, int register_hi_1, ref int[3] _out0)/*comp_3_..ateful.sk:158*/
{
  _out0 = ((int[3])0);
  int register_hi = register_hi_1;
  int register_lo = register_lo_0;
  int update_hi_1_value_s13 = 0;
  compute_alu(2, 1, register_lo_0, update_hi_1_value_s13)//{};
  int update_hi_2_value_s23 = 0;
  compute_alu(7, 31, 10, update_hi_2_value_s23)//{};
  int update_lo_1_value_s33 = 0;
  compute_alu(0, metadata_hi, register_hi_1, update_lo_1_value_s33)//{};
  int update_lo_2_value_s43 = 0;
  compute_alu(0, metadata_hi, 26, update_lo_2_value_s43)//{};
  bit condition_hi_s55 = ((0 - metadata_hi) + register_lo_0) != 0;
  bit condition_lo_s67 = ((0 - metadata_lo) + 1) > 0;
  bit update_hi_1_predicate_s69 = 0;
  bool_op(0, condition_hi_s55, condition_lo_s67, update_hi_1_predicate_s69);
  bit update_hi_2_predicate_s71 = 0;
  bool_op(4, condition_hi_s55, condition_lo_s67, update_hi_2_predicate_s71);
  bit update_lo_1_predicate_s73 = 0;
  bool_op(15, condition_hi_s55, condition_lo_s67, update_lo_1_predicate_s73);
  bit update_lo_2_predicate_s75 = 0;
  bool_op(0, condition_hi_s55, condition_lo_s67, update_lo_2_predicate_s75);
  assert (!(update_hi_1_predicate_s69 && update_hi_2_predicate_s71)); //ASSERTION CAN NOT BE SATISFIED: comp_3_..ateful.sk:194 Assert at comp_3_..ateful.sk:194 (1)
  if(update_hi_1_predicate_s69 && (!(update_hi_2_predicate_s71)))/*comp_3_..ateful.sk:195*/
  {
    register_hi = update_hi_1_value_s13;
  }
  else
  {
    if((!(update_hi_1_predicate_s69)) && update_hi_2_predicate_s71)/*comp_3_..ateful.sk:197*/
    {
      register_hi = update_hi_2_value_s23;
    }
    else
    {
      register_hi = register_hi_1;
    }
  }
  assert (!(update_lo_1_predicate_s73 && update_lo_2_predicate_s75)); //ASSERTION CAN NOT BE SATISFIED: comp_3_..ateful.sk:205 Assert at comp_3_..ateful.sk:205 (1)
  if(update_lo_1_predicate_s73 && (!(update_lo_2_predicate_s75)))/*comp_3_..ateful.sk:206*/
  {
    register_lo = update_lo_1_value_s33;
  }
  else
  {
    if((!(update_lo_1_predicate_s73)) && update_lo_2_predicate_s75)/*comp_3_..ateful.sk:208*/
    {
      register_lo = update_lo_2_value_s43;
    }
    else
    {
      register_lo = register_lo_0;
    }
  }
  _out0[0] = register_lo;
  _out0[1] = 0;
  _out0[2] = register_hi;
  return;
}
/*comp_3_..ateful.sk:251*/

void sketch (int last_ttl, int p_seen00, int p_ttl)/*comp_3_..ateful.sk:251*/
{
  int[3] impl_s1 = {0,0,0};
  salu(p_seen00, p_ttl, last_ttl, 0, impl_s1);
  int[3] spec_s3 = {0,0,0};
  comp_3(last_ttl, p_seen00, p_ttl, spec_s3);
  assert ((impl_s1[0]) == (spec_s3[0])); //Assert at comp_3_..ateful.sk:254 (1)
  assert ((impl_s1[1]) == (spec_s3[1])); //Assert at comp_3_..ateful.sk:255 (1)
  assert ((impl_s1[2]) == (spec_s3[2])); //Assert at comp_3_..ateful.sk:256 (1)
}
/*comp_3_..ateful.sk:251*/

void sketch__Wrapper (int last_ttl, int p_seen00, int p_ttl)  implements sketch__WrapperNospec/*comp_3_..ateful.sk:251*/
{
  sketch(last_ttl, p_seen00, p_ttl);
}
/*comp_3_..ateful.sk:251*/

void sketch__WrapperNospec (int last_ttl, int p_seen00, int p_ttl)/*comp_3_..ateful.sk:251*/
{ }
/* END PACKAGE ANONYMOUS*/
[SKETCH] DONE
Total time = 580
